23082:M 18 Feb 17:35:59.154 * Increased maximum number of open files to 10032 (it was originally set to 256).
                _._                                                  
           _.-``__ ''-._                                             
      _.-``    `.  `_.  ''-._           Redis 3.0.6 (00000000/0) 64 bit
  .-`` .-```.  ```\/    _.,_ ''-._                                   
 (    '      ,       .-`  | `,    )     Running in standalone mode
 |`-._`-...-` __...-.``-._|'` _.-'|     Port: 3000
 |    `-._   `._    /     _.-'    |     PID: 23082
  `-._    `-._  `-./  _.-'    _.-'                                   
 |`-._`-._    `-.__.-'    _.-'_.-'|                                  
 |    `-._`-._        _.-'_.-'    |           http://redis.io        
  `-._    `-._`-.__.-'_.-'    _.-'                                   
 |`-._`-._    `-.__.-'    _.-'_.-'|                                  
 |    `-._`-._        _.-'_.-'    |                                  
  `-._    `-._`-.__.-'_.-'    _.-'                                   
      `-._    `-.__.-'    _.-'                                       
          `-._        _.-'                                           
              `-.__.-'                                               

23082:M 18 Feb 17:35:59.156 # Server started, Redis version 3.0.6
23082:M 18 Feb 17:35:59.156 * The server is now ready to accept connections on port 3000
23082:signal-handler (1455838576) Received SIGTERM scheduling shutdown...
23082:signal-handler (1455838576) Received SIGTERM scheduling shutdown...
23082:M 18 Feb 17:36:16.141 # User requested shutdown...
23082:M 18 Feb 17:36:16.141 # Redis is now ready to exit, bye bye...
